g:\uni\ig\proyectosig_x64_vs2019_fg\ig1app\x64\debug\vc142.pdb
g:\uni\ig\proyectosig_x64_vs2019_fg\ig1app\x64\debug\vc142.idb
g:\uni\ig\proyectosig_x64_vs2019_fg\ig1app\x64\debug\viewport.obj
g:\uni\ig\proyectosig_x64_vs2019_fg\ig1app\x64\debug\texture.obj
g:\uni\ig\proyectosig_x64_vs2019_fg\ig1app\x64\debug\scene.obj
g:\uni\ig\proyectosig_x64_vs2019_fg\ig1app\x64\debug\pixmap32rgba.obj
g:\uni\ig\proyectosig_x64_vs2019_fg\ig1app\x64\debug\mesh.obj
g:\uni\ig\proyectosig_x64_vs2019_fg\ig1app\x64\debug\main.obj
g:\uni\ig\proyectosig_x64_vs2019_fg\ig1app\x64\debug\ig1app.obj
g:\uni\ig\proyectosig_x64_vs2019_fg\ig1app\x64\debug\entity.obj
g:\uni\ig\proyectosig_x64_vs2019_fg\ig1app\x64\debug\camera.obj
g:\uni\ig\proyectosig_x64_vs2019_fg\bin\ig1appdebug.exe
g:\uni\ig\proyectosig_x64_vs2019_fg\bin\ig1appdebug.ilk
g:\uni\ig\proyectosig_x64_vs2019_fg\bin\ig1appdebug.pdb
g:\uni\ig\proyectosig_x64_vs2019_fg\ig1app\x64\debug\entity.obj.enc
g:\uni\ig\proyectosig_x64_vs2019_fg\ig1app\x64\debug\scene.obj.enc
g:\uni\ig\proyectosig_x64_vs2019_fg\ig1app\x64\debug\ig1app.tlog\cl.command.1.tlog
g:\uni\ig\proyectosig_x64_vs2019_fg\ig1app\x64\debug\ig1app.tlog\cl.read.1.tlog
g:\uni\ig\proyectosig_x64_vs2019_fg\ig1app\x64\debug\ig1app.tlog\cl.write.1.tlog
g:\uni\ig\proyectosig_x64_vs2019_fg\ig1app\x64\debug\ig1app.tlog\link.command.1.tlog
g:\uni\ig\proyectosig_x64_vs2019_fg\ig1app\x64\debug\ig1app.tlog\link.read.1.tlog
g:\uni\ig\proyectosig_x64_vs2019_fg\ig1app\x64\debug\ig1app.tlog\link.write.1.tlog
