g:\uni\ig\ig1_practica2\ig1app\x64\debug\vc142.pdb
g:\uni\ig\ig1_practica2\ig1app\x64\debug\vc142.idb
g:\uni\ig\ig1_practica2\ig1app\x64\debug\viewport.obj
g:\uni\ig\ig1_practica2\ig1app\x64\debug\texture.obj
g:\uni\ig\ig1_practica2\ig1app\x64\debug\scene.obj
g:\uni\ig\ig1_practica2\ig1app\x64\debug\pixmap32rgba.obj
g:\uni\ig\ig1_practica2\ig1app\x64\debug\mesh.obj
g:\uni\ig\ig1_practica2\ig1app\x64\debug\main.obj
g:\uni\ig\ig1_practica2\ig1app\x64\debug\ig1app.obj
g:\uni\ig\ig1_practica2\ig1app\x64\debug\entity.obj
g:\uni\ig\ig1_practica2\ig1app\x64\debug\camera.obj
g:\uni\ig\ig1_practica2\bin\ig_practica2debug.exe
g:\uni\ig\ig1_practica2\bin\ig_practica2debug.ilk
g:\uni\ig\ig1_practica2\bin\ig_practica2debug.pdb
g:\uni\ig\ig1_practica2\ig1app\x64\debug\ig_practica2.tlog\cl.command.1.tlog
g:\uni\ig\ig1_practica2\ig1app\x64\debug\ig_practica2.tlog\cl.read.1.tlog
g:\uni\ig\ig1_practica2\ig1app\x64\debug\ig_practica2.tlog\cl.write.1.tlog
g:\uni\ig\ig1_practica2\ig1app\x64\debug\ig_practica2.tlog\link.command.1.tlog
g:\uni\ig\ig1_practica2\ig1app\x64\debug\ig_practica2.tlog\link.read.1.tlog
g:\uni\ig\ig1_practica2\ig1app\x64\debug\ig_practica2.tlog\link.write.1.tlog
